
sfs_init()
    conn:
    proto_major = 7
    proto_minor = 23
    async_read = 1
    max_write = 131072
    max_readahead = 131072
    capable = 00000ffb
    want = 00000010
    context:
    fuse = 01a7d520
    uid = 0
    gid = 0
    pid = 0
    private_data = 01a7d010
    logfile = 01a7d030
    diskfile = /home/fgeraci/Development/CS518/A2/assignment2-work/testfile
    umask = 00000

sfs_getattr(path="/.Trash", statbuf=0x4dcfcc20)

sfs_opendir(path="/", fi=0x4dcfcc50)

sfs_getattr(path="/.Trash-1000", statbuf=0x4d4fbc20)

sfs_getattr(path="/.xdg-volume-info", statbuf=0x4dcfcc20)

sfs_getattr(path="/autorun.inf", statbuf=0x4d4fbc20)

sfs_opendir(path="/", fi=0x4dcfcc50)

sfs_opendir(path="/", fi=0x4dcfcc50)

sfs_opendir(path="/", fi=0x4dcfcc50)

sfs_opendir(path="/", fi=0x4dcfcc50)

sfs_opendir(path="/", fi=0x4dcfcc50)

sfs_opendir(path="/", fi=0x4dcfcc50)

sfs_opendir(path="/", fi=0x4dcfcc50)

sfs_opendir(path="/", fi=0x4dcfcc50)

sfs_opendir(path="/", fi=0x4dcfcc50)

sfs_opendir(path="/", fi=0x4dcfcc50)

sfs_opendir(path="/", fi=0x4dcfcc50)

sfs_opendir(path="/", fi=0x4dcfcc50)

sfs_opendir(path="/", fi=0x4dcfcc50)

sfs_opendir(path="/", fi=0x4dcfcc50)

sfs_opendir(path="/", fi=0x4dcfcc50)

sfs_opendir(path="/", fi=0x4dcfcc50)

sfs_opendir(path="/", fi=0x4dcfcc50)

sfs_opendir(path="/", fi=0x4dcfcc50)

sfs_opendir(path="/", fi=0x4dcfcc50)

sfs_opendir(path="/", fi=0x4dcfcc50)

sfs_opendir(path="/", fi=0x4d4fbc50)

sfs_getattr(path="/autorun.inf", statbuf=0x4d4fbc20)

sfs_destroy(userdata=0x01a7d010)
